<?xml version="1.0" encoding="UTF-8"?>
<!-- Generated by org.testng.reporters.JUnitReportReporter -->
<testsuite hostname="LIN41005541" failures="0" tests="2" name="testrunner.TestRunner_ProductListPage_excel" time="68.719" errors="0" timestamp="2023-06-07T20:02:40 IST" skipped="0">
  <testcase classname="testrunner.TestRunner_ProductListPage_excel" name="runScenario" time="33.622"/>
  <system-out/>
  <testcase classname="testrunner.TestRunner_ProductListPage_excel" name="runScenario" time="35.097"/>
  <system-out/>
</testsuite> <!-- testrunner.TestRunner_ProductListPage_excel -->
